npm verb cli /Users/adarshsingh/.nvm/versions/node/v18.7.0/bin/node /Users/adarshsingh/.nvm/versions/node/v18.7.0/bin/npm
npm info using npm@8.15.0
npm info using node@v18.7.0
npm timing npm:load:whichnode Completed in 0ms
npm timing config:load:defaults Completed in 1ms
npm timing config:load:file:/Users/adarshsingh/.nvm/versions/node/v18.7.0/lib/node_modules/npm/npmrc Completed in 1ms
npm timing config:load:builtin Completed in 1ms
npm timing config:load:cli Completed in 1ms
npm timing config:load:env Completed in 0ms
npm timing config:load:file:/Users/adarshsingh/Desktop/All Setups/Automate Setup/Cypress/cypress-test/tmpBstackPackages/.npmrc Completed in 0ms
npm timing config:load:project Completed in 4ms
npm timing config:load:file:/Users/adarshsingh/.npmrc Completed in 1ms
npm timing config:load:user Completed in 1ms
npm timing config:load:file:/Users/adarshsingh/.nvm/versions/node/v18.7.0/etc/npmrc Completed in 0ms
npm timing config:load:global Completed in 0ms
npm timing config:load:validate Completed in 0ms
npm timing config:load:credentials Completed in 0ms
npm timing config:load:setEnvs Completed in 1ms
npm timing config:load Completed in 9ms
npm timing npm:load:configload Completed in 9ms
npm timing npm:load:mkdirpcache Completed in 0ms
npm timing npm:load:mkdirplogs Completed in 0ms
npm verb title npm install
npm verb argv "install" "--legacy-peer-deps" "--loglevel" "verbose"
npm timing npm:load:setTitle Completed in 6ms
npm timing config:load:flatten Completed in 1ms
npm timing npm:load:display Completed in 3ms
npm verb logfile logs-max:10 dir:/Users/adarshsingh/.npm/_logs
npm verb logfile /Users/adarshsingh/.npm/_logs/2022-12-26T05_56_54_147Z-debug-0.log
npm timing npm:load:logFile Completed in 2ms
npm timing npm:load:timers Completed in 0ms
npm timing npm:load:configScope Completed in 0ms
npm timing npm:load Completed in 21ms
npm timing arborist:ctor Completed in 0ms
npm timing arborist:ctor Completed in 0ms
npm timing idealTree:init Completed in 5ms
npm timing idealTree:userRequests Completed in 0ms
npm timing idealTree:#root Completed in 0ms
npm timing idealTree:buildDeps Completed in 0ms
npm timing idealTree:fixDepFlags Completed in 0ms
npm timing idealTree Completed in 6ms
npm timing reify:loadTrees Completed in 6ms
npm timing reify:diffTrees Completed in 1ms
npm timing reify:retireShallow Completed in 0ms
npm timing reify:createSparse Completed in 0ms
npm timing reify:loadBundles Completed in 0ms
npm timing reify:audit Completed in 0ms
npm timing reify:unpack Completed in 0ms
npm timing reify:unretire Completed in 0ms
npm timing build:queue Completed in 0ms
npm timing build:deps Completed in 0ms
npm timing build Completed in 1ms
npm timing reify:build Completed in 1ms
npm timing reify:trash Completed in 0ms
npm timing reify:save Completed in 1ms
npm timing reify Completed in 13ms

up to date, audited 1 package in 88ms

found 0 vulnerabilities
npm timing command:install Completed in 16ms
npm verb exit 0
npm timing npm Completed in 89ms
npm info ok 
